FTL		ART(R:us)		ART(W:us)		ART(RW:us)		(WT:ns)
FTL		                                                           18840		                                                          168370		                                                          115238 
----------------------------------------- 
FreeBlock 235792. 
Total Write                                                              127 (Failed                                                                0). 
Total Read                                                               70 (Failed                                                                0). 
Total Operations                                                              197. 
----------------------------------------- 
TotalBlockEraseCount                                                                0. 
TotalLivePageCopyings                                                                0. 
----------------------------------------- 
TotalWritePageCount                                                            25074. 
TotalReadPageCount                                                            11692. 
----------------------------------------- 
TotalWriteSubPageCount                                                                0. 
TotalReadSubPageCount                                                                0. 
TotalLiveSubPageCopyings                                                                0. 
----------------------------------------- 
TotalWriteRequestTime                                                        -91729280. 
TotalReadRequestTime                                                       1318857600. 
