# Virtual Region 0 
# BlockCount 309 
# Valid SubPage Count 2523136 
# MrM Tree Node Count 330 
----------------------------
# Virtual Region 1 
# BlockCount 821 
# Valid SubPage Count 2666223 
# MrM Tree Node Count 8329 
----------------------------
# Virtual Region 2 
# BlockCount 303 
# Valid SubPage Count 2482176 
# MrM Tree Node Count 303 
----------------------------
# Virtual Region 3 
# BlockCount 303 
# Valid SubPage Count 2482176 
# MrM Tree Node Count 303 
----------------------------
# Virtual Region 4 
# BlockCount 310 
# Valid SubPage Count 2539520 
# MrM Tree Node Count 310 
----------------------------
# Virtual Region 5 
# BlockCount 304 
# Valid SubPage Count 2490368 
# MrM Tree Node Count 304 
----------------------------
# Virtual Region 6 
# BlockCount 303 
# Valid SubPage Count 2482176 
# MrM Tree Node Count 303 
----------------------------
# Virtual Region 7 
# BlockCount 298 
# Valid SubPage Count 2441216 
# MrM Tree Node Count 298 
----------------------------
# Virtual Region 8 
# BlockCount 310 
# Valid SubPage Count 2539520 
# MrM Tree Node Count 310 
----------------------------
# Virtual Region 9 
# BlockCount 293 
# Valid SubPage Count 2400256 
# MrM Tree Node Count 293 
----------------------------
# Virtual Region 10 
# BlockCount 301 
# Valid SubPage Count 2465792 
# MrM Tree Node Count 301 
----------------------------
# Virtual Region 11 
# BlockCount 320 
# Valid SubPage Count 2621440 
# MrM Tree Node Count 320 
----------------------------
# Virtual Region 12 
# BlockCount 295 
# Valid SubPage Count 2416640 
# MrM Tree Node Count 295 
----------------------------
# Virtual Region 13 
# BlockCount 306 
# Valid SubPage Count 2506752 
# MrM Tree Node Count 306 
----------------------------
# Virtual Region 14 
# BlockCount 291 
# Valid SubPage Count 2383872 
# MrM Tree Node Count 291 
----------------------------
# Virtual Region 15 
# BlockCount 308 
# Valid SubPage Count 2523136 
# MrM Tree Node Count 308 
----------------------------
# Virtual Region 16 
# BlockCount 293 
# Valid SubPage Count 2400256 
# MrM Tree Node Count 293 
----------------------------
# Virtual Region 17 
# BlockCount 304 
# Valid SubPage Count 2490368 
# MrM Tree Node Count 304 
----------------------------
# Virtual Region 18 
# BlockCount 311 
# Valid SubPage Count 2547712 
# MrM Tree Node Count 311 
----------------------------
# Virtual Region 19 
# BlockCount 315 
# Valid SubPage Count 2580480 
# MrM Tree Node Count 315 
----------------------------
# Virtual Region 20 
# BlockCount 305 
# Valid SubPage Count 2498560 
# MrM Tree Node Count 305 
----------------------------
# Virtual Region 21 
# BlockCount 310 
# Valid SubPage Count 2539520 
# MrM Tree Node Count 310 
----------------------------
# Virtual Region 22 
# BlockCount 319 
# Valid SubPage Count 2613248 
# MrM Tree Node Count 319 
----------------------------
# Virtual Region 23 
# BlockCount 303 
# Valid SubPage Count 2482176 
# MrM Tree Node Count 303 
----------------------------
# Virtual Region 24 
# BlockCount 310 
# Valid SubPage Count 2539520 
# MrM Tree Node Count 310 
----------------------------
# Virtual Region 25 
# BlockCount 313 
# Valid SubPage Count 2564096 
# MrM Tree Node Count 313 
----------------------------
# Virtual Region 26 
# BlockCount 328 
# Valid SubPage Count 2686976 
# MrM Tree Node Count 328 
----------------------------
# Virtual Region 27 
# BlockCount 310 
# Valid SubPage Count 2539520 
# MrM Tree Node Count 310 
----------------------------
# Virtual Region 28 
# BlockCount 297 
# Valid SubPage Count 2433024 
# MrM Tree Node Count 297 
----------------------------
# Virtual Region 29 
# BlockCount 313 
# Valid SubPage Count 2564096 
# MrM Tree Node Count 313 
----------------------------
# Virtual Region 30 
# BlockCount 320 
# Valid SubPage Count 2621440 
# MrM Tree Node Count 320 
----------------------------
# Virtual Region 31 
# BlockCount 301 
# Valid SubPage Count 2465792 
# MrM Tree Node Count 301 
----------------------------
--> Valid Block 10327 Valid SubPage 80531183 Node 17856 <-- 
