BEYONDADDR		ART(R:us)		ART(W:us)		ART(RW:us)		(WT:ns)
BEYONDADDR		5448		1902		3254 
----------------------------------------- 
FreeBlock 6018. 
Total Write 164808 (Failed 0). 
Total Read 101544 (Failed 66904). 
Total Operations 266352. 
----------------------------------------- 
TotalBlockEraseCount 0. 
TotalLivePageCopyings 0. 
----------------------------------------- 
TotalWritePageCount 128892. 
TotalReadPageCount 266249. 
----------------------------------------- 
TotalWriteSubPageCount 4124528. 
TotalReadSubPageCount 7394093. 
TotalLiveSubPageCopyings 0. 
----------------------------------------- 
TotalWriteRequestTime 313627426560. 
TotalReadRequestTime 553233472120. 
