FTL		ART(R:us)		ART(W:us)		ART(RW:us)		(WT:ns)
FTL		4759		37237		27096 
----------------------------------------- 
FreeBlock 64. 
Total Write 16783122 (Failed 0). 
Total Read 7619263 (Failed 402267). 
Total Operations 24402385. 
----------------------------------------- 
TotalBlockEraseCount 232171. 
TotalLivePageCopyings 25920193. 
----------------------------------------- 
TotalWritePageCount 85767559. 
TotalReadPageCount 17451473. 
----------------------------------------- 
TotalWriteSubPageCount 0. 
TotalReadSubPageCount 0. 
TotalLiveSubPageCopyings 0. 
----------------------------------------- 
TotalWriteRequestTime 624969015299528. 
TotalReadRequestTime 36262066717240. 
