DFTL		ART(R:us)		ART(W:us)		ART(RW:us)		(WT:ns)
DFTL		3536		4361		4159 
----------------------------------------- 
FreeBlock 5419. 
Total Write 166079 (Failed 0). 
Total Read 53917 (Failed 113260). 
Total Operations 219996. 
----------------------------------------- 
TotalBlockEraseCount 0. 
TotalLivePageCopyings 0. 
----------------------------------------- 
TotalWritePageCount 294674. 
TotalReadPageCount 91774. 
----------------------------------------- 
TotalWriteSubPageCount 0. 
TotalReadSubPageCount 0. 
TotalLiveSubPageCopyings 0. 
----------------------------------------- 
TotalWriteRequestTime 724392452880. 
TotalReadRequestTime 190695359120. 
